2022-09-12 12:15:23,892 INFO o.a.j.u.JMeterUtils: Setting Locale to en_EN
2022-09-12 12:15:23,905 INFO o.a.j.JMeter: Loading user properties from: /opt/homebrew/Cellar/jmeter/5.5/libexec/bin/user.properties
2022-09-12 12:15:23,905 INFO o.a.j.JMeter: Loading system properties from: /opt/homebrew/Cellar/jmeter/5.5/libexec/bin/system.properties
2022-09-12 12:15:23,907 INFO o.a.j.JMeter: Copyright (c) 1998-2022 The Apache Software Foundation
2022-09-12 12:15:23,908 INFO o.a.j.JMeter: Version 5.5
2022-09-12 12:15:23,908 INFO o.a.j.JMeter: java.version=18.0.2.1
2022-09-12 12:15:23,908 INFO o.a.j.JMeter: java.vm.name=OpenJDK 64-Bit Server VM
2022-09-12 12:15:23,908 INFO o.a.j.JMeter: os.name=Mac OS X
2022-09-12 12:15:23,908 INFO o.a.j.JMeter: os.arch=aarch64
2022-09-12 12:15:23,908 INFO o.a.j.JMeter: os.version=12.5.1
2022-09-12 12:15:23,908 INFO o.a.j.JMeter: file.encoding=UTF-8
2022-09-12 12:15:23,908 INFO o.a.j.JMeter: java.awt.headless=null
2022-09-12 12:15:23,908 INFO o.a.j.JMeter: Max memory     =1073741824
2022-09-12 12:15:23,908 INFO o.a.j.JMeter: Available Processors =10
2022-09-12 12:15:23,913 INFO o.a.j.JMeter: Default Locale=English (EN)
2022-09-12 12:15:23,913 INFO o.a.j.JMeter: JMeter  Locale=English (EN)
2022-09-12 12:15:23,913 INFO o.a.j.JMeter: JMeterHome=/opt/homebrew/Cellar/jmeter/5.5/libexec
2022-09-12 12:15:23,913 INFO o.a.j.JMeter: user.dir  =/Users/younes.berrada/Desktop/CVS/POC/mongodb_utilities/comm_tracker
2022-09-12 12:15:23,913 INFO o.a.j.JMeter: PWD       =/Users/younes.berrada/Desktop/CVS/POC/mongodb_utilities/comm_tracker
2022-09-12 12:15:24,002 INFO o.a.j.JMeter: IP: 192.168.86.24 Name: M-JCJW966J31 FullName: m-jcjw966j31.lan
2022-09-12 12:15:24,009 INFO o.a.j.JMeter: Loaded icon properties from org/apache/jmeter/images/icon.properties
2022-09-12 12:15:24,249 INFO o.a.j.JMeterGuiLauncher: Setting LAF to: com.github.weisj.darklaf.DarkLaf:com.github.weisj.darklaf.theme.SolarizedDarkTheme
2022-09-12 12:15:25,501 INFO o.j.r.JARSourceHTTP: Found cached repo
2022-09-12 12:15:25,567 INFO o.j.r.PluginManager: Plugins Status: [jpgc-plugins-manager=1.7, jmeter-core=5.5, jmeter-ftp=5.5, jmeter-http=5.5, jmeter-jdbc=5.5, jmeter-jms=5.5, jmeter-junit=5.5, jmeter-java=5.5, jmeter-ldap=5.5, jmeter-mail=5.5, jmeter-mongodb=5.5, jmeter-native=5.5, jmeter-tcp=5.5, jmeter-components=5.5]
2022-09-12 12:15:38,549 INFO o.a.j.s.FileServer: Default base='/Users/younes.berrada/Desktop/CVS/POC/mongodb_utilities/comm_tracker'
2022-09-12 12:15:38,551 INFO o.a.j.g.a.Load: Loading file: /Users/younes.berrada/Desktop/CVS/POC/mongodb_utilities/comm_tracker/jmeter/Search Thread Group.jmx
2022-09-12 12:15:38,551 INFO o.a.j.s.FileServer: Set new base='/Users/younes.berrada/Desktop/CVS/POC/mongodb_utilities/comm_tracker/jmeter'
2022-09-12 12:15:38,648 INFO o.a.j.s.SaveService: Testplan (JMX) version: 2.2. Testlog (JTL) version: 2.2
2022-09-12 12:15:38,653 INFO o.a.j.s.SaveService: Using SaveService properties version 5.0
2022-09-12 12:15:38,653 INFO o.a.j.s.SaveService: Using SaveService properties file encoding UTF-8
2022-09-12 12:15:38,654 INFO o.a.j.s.SaveService: Loading file: /Users/younes.berrada/Desktop/CVS/POC/mongodb_utilities/comm_tracker/jmeter/Search Thread Group.jmx
2022-09-12 12:15:38,704 INFO o.a.j.p.h.s.HTTPSamplerBase: Parser for text/html is org.apache.jmeter.protocol.http.parser.LagartoBasedHtmlParser
2022-09-12 12:15:38,704 INFO o.a.j.p.h.s.HTTPSamplerBase: Parser for application/xhtml+xml is org.apache.jmeter.protocol.http.parser.LagartoBasedHtmlParser
2022-09-12 12:15:38,704 INFO o.a.j.p.h.s.HTTPSamplerBase: Parser for application/xml is org.apache.jmeter.protocol.http.parser.LagartoBasedHtmlParser
2022-09-12 12:15:38,704 INFO o.a.j.p.h.s.HTTPSamplerBase: Parser for text/xml is org.apache.jmeter.protocol.http.parser.LagartoBasedHtmlParser
2022-09-12 12:15:38,704 INFO o.a.j.p.h.s.HTTPSamplerBase: Parser for text/vnd.wap.wml is org.apache.jmeter.protocol.http.parser.RegexpHTMLParser
2022-09-12 12:15:38,704 INFO o.a.j.p.h.s.HTTPSamplerBase: Parser for text/css is org.apache.jmeter.protocol.http.parser.CssParser
2022-09-12 12:15:38,782 INFO o.a.j.s.SampleResult: Note: Sample TimeStamps are START times
2022-09-12 12:15:38,782 INFO o.a.j.s.SampleResult: sampleresult.default.encoding is set to ISO-8859-1
2022-09-12 12:15:38,782 INFO o.a.j.s.SampleResult: sampleresult.useNanoTime=true
2022-09-12 12:15:38,782 INFO o.a.j.s.SampleResult: sampleresult.nanoThreadSleep=5000
2022-09-12 12:15:38,855 INFO o.a.j.v.ViewResultsFullVisualizer: Add JavaFX to your Java installation if you want to use renderer: org.apache.jmeter.visualizers.RenderInBrowser
2022-09-12 12:15:38,890 INFO o.a.j.s.FileServer: Set new base='/Users/younes.berrada/Desktop/CVS/POC/mongodb_utilities/comm_tracker/jmeter'
2022-09-12 12:21:16,597 INFO o.a.j.e.StandardJMeterEngine: Running the test!
2022-09-12 12:21:16,599 INFO o.a.j.s.SampleEvent: List of sample_variables: []
2022-09-12 12:21:16,599 INFO o.a.j.s.SampleEvent: List of sample_variables: []
2022-09-12 12:21:16,600 INFO o.a.j.e.u.CompoundVariable: Note: Function class names must contain the string: '.functions.'
2022-09-12 12:21:16,600 INFO o.a.j.e.u.CompoundVariable: Note: Function class names must not contain the string: '.gui.'
2022-09-12 12:21:16,625 INFO o.a.j.g.u.JMeterMenuBar: setRunning(true, *local*)
2022-09-12 12:21:16,654 INFO o.a.j.e.StandardJMeterEngine: Starting ThreadGroup: 1 : Thread Group
2022-09-12 12:21:16,655 INFO o.a.j.e.StandardJMeterEngine: Starting 1 threads for group Thread Group.
2022-09-12 12:21:16,655 INFO o.a.j.e.StandardJMeterEngine: Thread will continue on error
2022-09-12 12:21:16,655 INFO o.a.j.t.ThreadGroup: Starting thread group... number=1 threads=1 ramp-up=1 delayedStart=false
2022-09-12 12:21:16,657 INFO o.a.j.t.ThreadGroup: Started thread group number 1
2022-09-12 12:21:16,657 INFO o.a.j.e.StandardJMeterEngine: All thread groups have been started
2022-09-12 12:21:16,657 INFO o.a.j.t.JMeterThread: Thread started: Thread Group 1-1
2022-09-12 12:21:16,661 INFO o.a.j.p.h.s.HTTPHCAbstractImpl: Local host = M-JCJW966J31
2022-09-12 12:21:16,665 INFO o.a.j.p.h.s.HTTPHC4Impl: HTTP request retry count = 0
2022-09-12 12:21:16,817 INFO o.a.j.p.h.s.h.LazyLayeredConnectionSocketFactory: Setting up HTTPS TrustAll Socket Factory
2022-09-12 12:21:16,821 INFO o.a.j.u.JsseSSLManager: Using default SSL protocol: TLS
2022-09-12 12:21:16,821 INFO o.a.j.u.JsseSSLManager: SSL session context: per-thread
2022-09-12 12:21:16,843 INFO o.a.j.u.SSLManager: JmeterKeyStore Location:  type JKS
2022-09-12 12:21:16,844 INFO o.a.j.u.SSLManager: KeyStore created OK
2022-09-12 12:21:16,844 WARN o.a.j.u.SSLManager: Keystore file not found, loading empty keystore
2022-09-12 12:21:16,920 INFO o.a.j.t.JMeterThread: Thread is done: Thread Group 1-1
2022-09-12 12:21:16,920 INFO o.a.j.t.JMeterThread: Thread finished: Thread Group 1-1
2022-09-12 12:21:16,921 INFO o.a.j.e.StandardJMeterEngine: Notifying test listeners of end of test
2022-09-12 12:21:16,921 INFO o.a.j.g.u.JMeterMenuBar: setRunning(false, *local*)
2022-09-12 12:22:08,329 INFO o.a.j.e.StandardJMeterEngine: Running the test!
2022-09-12 12:22:08,331 INFO o.a.j.s.SampleEvent: List of sample_variables: []
2022-09-12 12:22:08,331 INFO o.a.j.g.u.JMeterMenuBar: setRunning(true, *local*)
2022-09-12 12:22:08,371 INFO o.a.j.e.StandardJMeterEngine: Starting ThreadGroup: 1 : Thread Group
2022-09-12 12:22:08,372 INFO o.a.j.e.StandardJMeterEngine: Starting 1 threads for group Thread Group.
2022-09-12 12:22:08,372 INFO o.a.j.e.StandardJMeterEngine: Thread will continue on error
2022-09-12 12:22:08,372 INFO o.a.j.t.ThreadGroup: Starting thread group... number=1 threads=1 ramp-up=1 delayedStart=false
2022-09-12 12:22:08,372 INFO o.a.j.t.ThreadGroup: Started thread group number 1
2022-09-12 12:22:08,372 INFO o.a.j.e.StandardJMeterEngine: All thread groups have been started
2022-09-12 12:22:08,372 INFO o.a.j.t.JMeterThread: Thread started: Thread Group 1-1
2022-09-12 12:22:08,495 INFO o.a.j.t.JMeterThread: Thread is done: Thread Group 1-1
2022-09-12 12:22:08,495 INFO o.a.j.t.JMeterThread: Thread finished: Thread Group 1-1
2022-09-12 12:22:08,495 INFO o.a.j.e.StandardJMeterEngine: Notifying test listeners of end of test
2022-09-12 12:22:08,495 INFO o.a.j.g.u.JMeterMenuBar: setRunning(false, *local*)
2022-09-12 12:23:18,556 INFO o.a.j.e.StandardJMeterEngine: Running the test!
2022-09-12 12:23:18,557 INFO o.a.j.s.SampleEvent: List of sample_variables: []
2022-09-12 12:23:18,557 INFO o.a.j.g.u.JMeterMenuBar: setRunning(true, *local*)
2022-09-12 12:23:18,586 INFO o.a.j.e.StandardJMeterEngine: Starting ThreadGroup: 1 : Thread Group
2022-09-12 12:23:18,586 INFO o.a.j.e.StandardJMeterEngine: Starting 1 threads for group Thread Group.
2022-09-12 12:23:18,586 INFO o.a.j.e.StandardJMeterEngine: Thread will continue on error
2022-09-12 12:23:18,586 INFO o.a.j.t.ThreadGroup: Starting thread group... number=1 threads=1 ramp-up=1 delayedStart=false
2022-09-12 12:23:18,587 INFO o.a.j.t.ThreadGroup: Started thread group number 1
2022-09-12 12:23:18,587 INFO o.a.j.e.StandardJMeterEngine: All thread groups have been started
2022-09-12 12:23:18,587 INFO o.a.j.t.JMeterThread: Thread started: Thread Group 1-1
2022-09-12 12:23:18,862 INFO o.a.j.t.JMeterThread: Thread is done: Thread Group 1-1
2022-09-12 12:23:18,862 INFO o.a.j.t.JMeterThread: Thread finished: Thread Group 1-1
2022-09-12 12:23:18,863 INFO o.a.j.e.StandardJMeterEngine: Notifying test listeners of end of test
2022-09-12 12:23:18,863 INFO o.a.j.g.u.JMeterMenuBar: setRunning(false, *local*)
2022-09-12 12:23:47,083 INFO o.a.j.e.StandardJMeterEngine: Running the test!
2022-09-12 12:23:47,084 INFO o.a.j.s.SampleEvent: List of sample_variables: []
2022-09-12 12:23:47,085 INFO o.a.j.g.u.JMeterMenuBar: setRunning(true, *local*)
2022-09-12 12:23:47,112 INFO o.a.j.e.StandardJMeterEngine: Starting ThreadGroup: 1 : Thread Group
2022-09-12 12:23:47,112 INFO o.a.j.e.StandardJMeterEngine: Starting 1 threads for group Thread Group.
2022-09-12 12:23:47,112 INFO o.a.j.e.StandardJMeterEngine: Thread will continue on error
2022-09-12 12:23:47,112 INFO o.a.j.t.ThreadGroup: Starting thread group... number=1 threads=1 ramp-up=1 delayedStart=false
2022-09-12 12:23:47,113 INFO o.a.j.t.ThreadGroup: Started thread group number 1
2022-09-12 12:23:47,113 INFO o.a.j.e.StandardJMeterEngine: All thread groups have been started
2022-09-12 12:23:47,113 INFO o.a.j.t.JMeterThread: Thread started: Thread Group 1-1
2022-09-12 12:23:47,209 INFO o.a.j.t.JMeterThread: Thread is done: Thread Group 1-1
2022-09-12 12:23:47,209 INFO o.a.j.t.JMeterThread: Thread finished: Thread Group 1-1
2022-09-12 12:23:47,210 INFO o.a.j.e.StandardJMeterEngine: Notifying test listeners of end of test
2022-09-12 12:23:47,210 INFO o.a.j.g.u.JMeterMenuBar: setRunning(false, *local*)
2022-09-12 12:25:52,451 INFO o.a.j.p.h.g.a.ParseCurlCommandAction: Parsed CURL command curl --location --request POST 'https://data.mongodb-api.com/app/data-gseer/endpoint/data/v1/action/findOne' \
--header 'Content-Type: application/json' \
--header 'Access-Control-Request-Headers: *' \
--header 'api-key: aNB1gCJZU0R8T4HQKlpVXclJysY9sX2JcwAaXGwPnXCDymKc2bKzThL71JjyY8Wt' \
--data-raw '{
    "collection":"<COLLECTION_NAME>",
    "database":"<DATABASE_NAME>",
    "dataSource":"CommsTracker",
    "projection": {"_id": 1}
}' into Request [compressed=false, url=https://data.mongodb-api.com/app/data-gseer/endpoint/data/v1/action/findOne, method=POST, headers=[(Content-Type,application/json), (Access-Control-Request-Headers,*), (api-key,aNB1gCJZU0R8T4HQKlpVXclJysY9sX2JcwAaXGwPnXCDymKc2bKzThL71JjyY8Wt)]]
2022-09-12 12:25:52,456 INFO o.a.j.p.h.g.a.ParseCurlCommandAction: Newly created element will be placed under current selected node Thread Group
2022-09-12 12:26:24,076 INFO o.a.j.e.StandardJMeterEngine: Running the test!
2022-09-12 12:26:24,076 INFO o.a.j.s.SampleEvent: List of sample_variables: []
2022-09-12 12:26:24,077 INFO o.a.j.g.u.JMeterMenuBar: setRunning(true, *local*)
2022-09-12 12:26:24,115 INFO o.a.j.e.StandardJMeterEngine: Starting ThreadGroup: 1 : Thread Group
2022-09-12 12:26:24,116 INFO o.a.j.e.StandardJMeterEngine: Starting 1 threads for group Thread Group.
2022-09-12 12:26:24,116 INFO o.a.j.e.StandardJMeterEngine: Thread will continue on error
2022-09-12 12:26:24,116 INFO o.a.j.t.ThreadGroup: Starting thread group... number=1 threads=1 ramp-up=1 delayedStart=false
2022-09-12 12:26:24,116 INFO o.a.j.t.ThreadGroup: Started thread group number 1
2022-09-12 12:26:24,116 INFO o.a.j.e.StandardJMeterEngine: All thread groups have been started
2022-09-12 12:26:24,116 INFO o.a.j.t.JMeterThread: Thread started: Thread Group 1-1
2022-09-12 12:26:24,613 INFO o.a.j.t.JMeterThread: Thread is done: Thread Group 1-1
2022-09-12 12:26:24,614 INFO o.a.j.t.JMeterThread: Thread finished: Thread Group 1-1
2022-09-12 12:26:24,615 INFO o.a.j.e.StandardJMeterEngine: Notifying test listeners of end of test
2022-09-12 12:26:24,615 INFO o.a.j.g.u.JMeterMenuBar: setRunning(false, *local*)
2022-09-12 12:27:48,686 INFO o.a.j.e.StandardJMeterEngine: Running the test!
2022-09-12 12:27:48,688 INFO o.a.j.s.SampleEvent: List of sample_variables: []
2022-09-12 12:27:48,688 INFO o.a.j.g.u.JMeterMenuBar: setRunning(true, *local*)
2022-09-12 12:27:48,728 INFO o.a.j.e.StandardJMeterEngine: Starting ThreadGroup: 1 : Thread Group
2022-09-12 12:27:48,728 INFO o.a.j.e.StandardJMeterEngine: Starting 1 threads for group Thread Group.
2022-09-12 12:27:48,728 INFO o.a.j.e.StandardJMeterEngine: Thread will continue on error
2022-09-12 12:27:48,728 INFO o.a.j.t.ThreadGroup: Starting thread group... number=1 threads=1 ramp-up=1 delayedStart=false
2022-09-12 12:27:48,729 INFO o.a.j.t.ThreadGroup: Started thread group number 1
2022-09-12 12:27:48,729 INFO o.a.j.e.StandardJMeterEngine: All thread groups have been started
2022-09-12 12:27:48,729 INFO o.a.j.t.JMeterThread: Thread started: Thread Group 1-1
2022-09-12 12:27:49,128 INFO o.a.j.t.JMeterThread: Thread is done: Thread Group 1-1
2022-09-12 12:27:49,128 INFO o.a.j.t.JMeterThread: Thread finished: Thread Group 1-1
2022-09-12 12:27:49,129 INFO o.a.j.e.StandardJMeterEngine: Notifying test listeners of end of test
2022-09-12 12:27:49,129 INFO o.a.j.g.u.JMeterMenuBar: setRunning(false, *local*)
2022-09-12 12:30:02,509 INFO o.a.j.e.StandardJMeterEngine: Running the test!
2022-09-12 12:30:02,511 INFO o.a.j.s.SampleEvent: List of sample_variables: []
2022-09-12 12:30:02,512 INFO o.a.j.g.u.JMeterMenuBar: setRunning(true, *local*)
2022-09-12 12:30:02,551 INFO o.a.j.e.StandardJMeterEngine: Starting ThreadGroup: 1 : Thread Group
2022-09-12 12:30:02,551 INFO o.a.j.e.StandardJMeterEngine: Starting 1 threads for group Thread Group.
2022-09-12 12:30:02,551 INFO o.a.j.e.StandardJMeterEngine: Thread will continue on error
2022-09-12 12:30:02,551 INFO o.a.j.t.ThreadGroup: Starting thread group... number=1 threads=1 ramp-up=1 delayedStart=false
2022-09-12 12:30:02,552 INFO o.a.j.t.ThreadGroup: Started thread group number 1
2022-09-12 12:30:02,552 INFO o.a.j.e.StandardJMeterEngine: All thread groups have been started
2022-09-12 12:30:02,553 INFO o.a.j.t.JMeterThread: Thread started: Thread Group 1-1
2022-09-12 12:30:02,805 INFO o.a.j.t.JMeterThread: Thread is done: Thread Group 1-1
2022-09-12 12:30:02,805 INFO o.a.j.t.JMeterThread: Thread finished: Thread Group 1-1
2022-09-12 12:30:02,805 INFO o.a.j.e.StandardJMeterEngine: Notifying test listeners of end of test
2022-09-12 12:30:02,805 INFO o.a.j.g.u.JMeterMenuBar: setRunning(false, *local*)
